<?xml version="1.0" encoding="UTF-8"?>
<!-- Generated by org.testng.reporters.JUnitXMLReporter -->
<testsuite ignored="0" hostname="192-168-1-104.tpgi.com.au" failures="0" tests="3" name="Default test" time="0.021" errors="0" timestamp="2022-10-13T16:29:01 AEDT">
  <testcase classname="JavaStreamtutorial_udemy.MergingArrayLst" name="MergeArray" time="0.006"/>
  <testcase classname="JavaStreamtutorial_udemy.MergingArrayLst" name="streamCollect" time="0.0"/>
  <testcase classname="JavaStreamtutorial_udemy.MergingArrayLst" name="uniqueNumberStream" time="0.001"/>
</testsuite> <!-- Default test -->
