<?xml version="1.0" encoding="UTF-8"?>
<testng-results ignored="0" total="3" passed="3" failed="0" skipped="0">
  <reporter-output>
  </reporter-output>
  <suite started-at="2022-10-13T16:29:01 AEDT" name="Default suite" finished-at="2022-10-13T16:29:01 AEDT" duration-ms="21">
    <groups>
    </groups>
    <test started-at="2022-10-13T16:29:01 AEDT" name="Default test" finished-at="2022-10-13T16:29:01 AEDT" duration-ms="21">
      <class name="JavaStreamtutorial_udemy.MergingArrayLst">
        <test-method signature="MergeArray()[pri:0, instance:JavaStreamtutorial_udemy.MergingArrayLst@780cb77]" started-at="2022-10-13T16:29:01 AEDT" name="MergeArray" finished-at="2022-10-13T16:29:01 AEDT" duration-ms="6" status="PASS">
          <reporter-output>
          </reporter-output>
        </test-method> <!-- MergeArray -->
        <test-method signature="streamCollect()[pri:0, instance:JavaStreamtutorial_udemy.MergingArrayLst@780cb77]" started-at="2022-10-13T16:29:01 AEDT" name="streamCollect" finished-at="2022-10-13T16:29:01 AEDT" duration-ms="0" status="PASS">
          <reporter-output>
          </reporter-output>
        </test-method> <!-- streamCollect -->
        <test-method signature="uniqueNumberStream()[pri:0, instance:JavaStreamtutorial_udemy.MergingArrayLst@780cb77]" started-at="2022-10-13T16:29:01 AEDT" name="uniqueNumberStream" finished-at="2022-10-13T16:29:01 AEDT" duration-ms="1" status="PASS">
          <reporter-output>
          </reporter-output>
        </test-method> <!-- uniqueNumberStream -->
      </class> <!-- JavaStreamtutorial_udemy.MergingArrayLst -->
    </test> <!-- Default test -->
  </suite> <!-- Default suite -->
</testng-results>
